{"meta": {"format": 3, "version": "7.14.1", "timestamp": "2026-06-21T13:45:49.485851", "branch_coverage": true, "show_contexts": false}, "files": {"pseudosnake/__main__.py": {"executed_lines": [], "summary": {"covered_lines": 0, "num_statements": 2, "percent_covered": 0.0, "percent_covered_display": "0.00", "missing_lines": 2, "excluded_lines": 0, "percent_statements_covered": 0.0, "percent_statements_covered_display": "0.00", "num_branches": 0, "num_partial_branches": 0, "covered_branches": 0, "missing_branches": 0, "percent_branches_covered": 100.0, "percent_branches_covered_display": "100.00"}, "missing_lines": [3, 6], "excluded_lines": [], "executed_branches": [], "missing_branches": [], "functions": {"": {"executed_lines": [], "summary": {"covered_lines": 0, "num_statements": 2, "percent_covered": 0.0, "percent_covered_display": "0.00", "missing_lines": 2, "excluded_lines": 0, "percent_statements_covered": 0.0, "percent_statements_covered_display": "0.00", "num_branches": 0, "num_partial_branches": 0, "covered_branches": 0, "missing_branches": 0, "percent_branches_covered": 100.0, "percent_branches_covered_display": "100.00"}, "missing_lines": [3, 6], "excluded_lines": [], "start_line": 1, "executed_branches": [], "missing_branches": []}}, "classes": {"": {"executed_lines": [], "summary": {"covered_lines": 0, "num_statements": 2, "percent_covered": 0.0, "percent_covered_display": "0.00", "missing_lines": 2, "excluded_lines": 0, "percent_statements_covered": 0.0, "percent_statements_covered_display": "0.00", "num_branches": 0, "num_partial_branches": 0, "covered_branches": 0, "missing_branches": 0, "percent_branches_covered": 100.0, "percent_branches_covered_display": "100.00"}, "missing_lines": [3, 6], "excluded_lines": [], "start_line": 1, "executed_branches": [], "missing_branches": []}}}, "pseudosnake/backup.py": {"executed_lines": [9, 10, 11, 13, 16, 21, 23, 24, 27, 33, 35, 36, 38, 39, 42, 45, 48, 51], "summary": {"covered_lines": 18, "num_statements": 18, "percent_covered": 100.0, "percent_covered_display": "100.00", "missing_lines": 0, "excluded_lines": 0, "percent_statements_covered": 100.0, "percent_statements_covered_display": "100.00", "num_branches": 0, "num_partial_branches": 0, "covered_branches": 0, "missing_branches": 0, "percent_branches_covered": 100.0, "percent_branches_covered_display": "100.00"}, "missing_lines": [], "excluded_lines": [], "executed_branches": [], "missing_branches": [], "functions": {"get_backup_dir": {"executed_lines": [21, 23, 24], "summary": {"covered_lines": 3, "num_statements": 3, "percent_covered": 100.0, "percent_covered_display": "100.00", "missing_lines": 0, "excluded_lines": 0, "percent_statements_covered": 100.0, "percent_statements_covered_display": "100.00", "num_branches": 0, "num_partial_branches": 0, "covered_branches": 0, "missing_branches": 0, "percent_branches_covered": 100.0, "percent_branches_covered_display": "100.00"}, "missing_lines": [], "excluded_lines": [], "start_line": 16, "executed_branches": [], "missing_branches": []}, "backup_file": {"executed_lines": [33, 35, 36, 38, 39], "summary": {"covered_lines": 5, "num_statements": 5, "percent_covered": 100.0, "percent_covered_display": "100.00", "missing_lines": 0, "excluded_lines": 0, "percent_statements_covered": 100.0, "percent_statements_covered_display": "100.00", "num_branches": 0, "num_partial_branches": 0, "covered_branches": 0, "missing_branches": 0, "percent_branches_covered": 100.0, "percent_branches_covered_display": "100.00"}, "missing_lines": [], "excluded_lines": [], "start_line": 27, "executed_branches": [], "missing_branches": []}, "restore_file": {"executed_lines": [45], "summary": {"covered_lines": 1, "num_statements": 1, "percent_covered": 100.0, "percent_covered_display": "100.00", "missing_lines": 0, "excluded_lines": 0, "percent_statements_covered": 100.0, "percent_statements_covered_display": "100.00", "num_branches": 0, "num_partial_branches": 0, "covered_branches": 0, "missing_branches": 0, "percent_branches_covered": 100.0, "percent_branches_covered_display": "100.00"}, "missing_lines": [], "excluded_lines": [], "start_line": 42, "executed_branches": [], "missing_branches": []}, "cleanup_backup": {"executed_lines": [51], "summary": {"covered_lines": 1, "num_statements": 1, "percent_covered": 100.0, "percent_covered_display": "100.00", "missing_lines": 0, "excluded_lines": 0, "percent_statements_covered": 100.0, "percent_statements_covered_display": "100.00", "num_branches": 0, "num_partial_branches": 0, "covered_branches": 0, "missing_branches": 0, "percent_branches_covered": 100.0, "percent_branches_covered_display": "100.00"}, "missing_lines": [], "excluded_lines": [], "start_line": 48, "executed_branches": [], "missing_branches": []}, "": {"executed_lines": [9, 10, 11, 13, 16, 27, 42, 48], "summary": {"covered_lines": 8, "num_statements": 8, "percent_covered": 100.0, "percent_covered_display": "100.00", "missing_lines": 0, "excluded_lines": 0, "percent_statements_covered": 100.0, "percent_statements_covered_display": "100.00", "num_branches": 0, "num_partial_branches": 0, "covered_branches": 0, "missing_branches": 0, "percent_branches_covered": 100.0, "percent_branches_covered_display": "100.00"}, "missing_lines": [], "excluded_lines": [], "start_line": 1, "executed_branches": [], "missing_branches": []}}, "classes": {"": {"executed_lines": [9, 10, 11, 13, 16, 21, 23, 24, 27, 33, 35, 36, 38, 39, 42, 45, 48, 51], "summary": {"covered_lines": 18, "num_statements": 18, "percent_covered": 100.0, "percent_covered_display": "100.00", "missing_lines": 0, "excluded_lines": 0, "percent_statements_covered": 100.0, "percent_statements_covered_display": "100.00", "num_branches": 0, "num_partial_branches": 0, "covered_branches": 0, "missing_branches": 0, "percent_branches_covered": 100.0, "percent_branches_covered_display": "100.00"}, "missing_lines": [], "excluded_lines": [], "start_line": 1, "executed_branches": [], "missing_branches": []}}}, "pseudosnake/discover.py": {"executed_lines": [3, 4, 5, 10, 11, 22, 23, 24, 25, 26, 27, 28, 29, 35, 52, 55, 58, 60, 62, 67, 81, 88, 89, 92, 95, 97, 104, 107, 108, 111, 112, 113, 116, 117, 118, 121, 127, 132, 134, 135, 136, 138, 141, 142, 143, 146, 153, 154, 156, 157, 159, 162, 169, 170, 182, 191, 194, 195, 197, 198, 200, 201, 203, 204, 206, 207, 209, 210, 212, 213, 215], "summary": {"covered_lines": 71, "num_statements": 78, "percent_covered": 87.5, "percent_covered_display": "87.50", "missing_lines": 7, "excluded_lines": 0, "percent_statements_covered": 91.02564102564102, "percent_statements_covered_display": "91.03", "num_branches": 34, "num_partial_branches": 1, "covered_branches": 27, "missing_branches": 7, "percent_branches_covered": 79.41176470588235, "percent_branches_covered_display": "79.41"}, "missing_lines": [69, 71, 73, 74, 76, 77, 78], "excluded_lines": [], "executed_branches": [[88, 89], [88, 95], [107, 108], [107, 111], [112, 113], [112, 116], [117, 118], [117, 121], [153, -146], [153, 154], [154, 156], [154, 157], [157, 153], [157, 159], [194, 195], [194, 197], [197, 198], [197, 200], [200, 201], [200, 203], [203, 204], [203, 212], [206, 207], [206, 209], [209, 210], [212, 213], [212, 215]], "missing_branches": [[71, 73], [71, 78], [73, 74], [73, 76], [76, 71], [76, 77], [209, 212]], "functions": {"_in_excluded_dir": {"executed_lines": [55], "summary": {"covered_lines": 1, "num_statements": 1, "percent_covered": 100.0, "percent_covered_display": "100.00", "missing_lines": 0, "excluded_lines": 0, "percent_statements_covered": 100.0, "percent_statements_covered_display": "100.00", "num_branches": 0, "num_partial_branches": 0, "covered_branches": 0, "missing_branches": 0, "percent_branches_covered": 100.0, "percent_branches_covered_display": "100.00"}, "missing_lines": [], "excluded_lines": [], "start_line": 52, "executed_branches": [], "missing_branches": []}, "is_test_file": {"executed_lines": [60, 62], "summary": {"covered_lines": 2, "num_statements": 2, "percent_covered": 100.0, "percent_covered_display": "100.00", "missing_lines": 0, "excluded_lines": 0, "percent_statements_covered": 100.0, "percent_statements_covered_display": "100.00", "num_branches": 0, "num_partial_branches": 0, "covered_branches": 0, "missing_branches": 0, "percent_branches_covered": 100.0, "percent_branches_covered_display": "100.00"}, "missing_lines": [], "excluded_lines": [], "start_line": 58, "executed_branches": [], "missing_branches": []}, "find_test_files": {"executed_lines": [], "summary": {"covered_lines": 0, "num_statements": 7, "percent_covered": 0.0, "percent_covered_display": "0.00", "missing_lines": 7, "excluded_lines": 0, "percent_statements_covered": 0.0, "percent_statements_covered_display": "0.00", "num_branches": 6, "num_partial_branches": 0, "covered_branches": 0, "missing_branches": 6, "percent_branches_covered": 0.0, "percent_branches_covered_display": "0.00"}, "missing_lines": [69, 71, 73, 74, 76, 77, 78], "excluded_lines": [], "start_line": 67, "executed_branches": [], "missing_branches": [[71, 73], [71, 78], [73, 74], [73, 76], [76, 71], [76, 77]]}, "find_python_files": {"executed_lines": [88, 89, 92, 95, 97], "summary": {"covered_lines": 5, "num_statements": 5, "percent_covered": 100.0, "percent_covered_display": "100.00", "missing_lines": 0, "excluded_lines": 0, "percent_statements_covered": 100.0, "percent_statements_covered_display": "100.00", "num_branches": 2, "num_partial_branches": 0, "covered_branches": 2, "missing_branches": 0, "percent_branches_covered": 100.0, "percent_branches_covered_display": "100.00"}, "missing_lines": [], "excluded_lines": [], "start_line": 81, "executed_branches": [[88, 89], [88, 95]], "missing_branches": []}, "_resolve_source_root": {"executed_lines": [107, 108, 111, 112, 113, 116, 117, 118, 121], "summary": {"covered_lines": 9, "num_statements": 9, "percent_covered": 100.0, "percent_covered_display": "100.00", "missing_lines": 0, "excluded_lines": 0, "percent_statements_covered": 100.0, "percent_statements_covered_display": "100.00", "num_branches": 6, "num_partial_branches": 0, "covered_branches": 6, "missing_branches": 0, "percent_branches_covered": 100.0, "percent_branches_covered_display": "100.00"}, "missing_lines": [], "excluded_lines": [], "start_line": 104, "executed_branches": [[107, 108], [107, 111], [112, 113], [112, 116], [117, 118], [117, 121]], "missing_branches": []}, "find_functions": {"executed_lines": [132, 134, 135, 136, 138, 141, 142, 143], "summary": {"covered_lines": 8, "num_statements": 8, "percent_covered": 100.0, "percent_covered_display": "100.00", "missing_lines": 0, "excluded_lines": 0, "percent_statements_covered": 100.0, "percent_statements_covered_display": "100.00", "num_branches": 0, "num_partial_branches": 0, "covered_branches": 0, "missing_branches": 0, "percent_branches_covered": 100.0, "percent_branches_covered_display": "100.00"}, "missing_lines": [], "excluded_lines": [], "start_line": 127, "executed_branches": [], "missing_branches": []}, "_collect_functions": {"executed_lines": [153, 154, 156, 157, 159], "summary": {"covered_lines": 5, "num_statements": 5, "percent_covered": 100.0, "percent_covered_display": "100.00", "missing_lines": 0, "excluded_lines": 0, "percent_statements_covered": 100.0, "percent_statements_covered_display": "100.00", "num_branches": 6, "num_partial_branches": 0, "covered_branches": 6, "missing_branches": 0, "percent_branches_covered": 100.0, "percent_branches_covered_display": "100.00"}, "missing_lines": [], "excluded_lines": [], "start_line": 146, "executed_branches": [[153, -146], [153, 154], [154, 156], [154, 157], [157, 153], [157, 159]], "missing_branches": []}, "_make_function_info": {"executed_lines": [169, 170], "summary": {"covered_lines": 2, "num_statements": 2, "percent_covered": 100.0, "percent_covered_display": "100.00", "missing_lines": 0, "excluded_lines": 0, "percent_statements_covered": 100.0, "percent_statements_covered_display": "100.00", "num_branches": 0, "num_partial_branches": 0, "covered_branches": 0, "missing_branches": 0, "percent_branches_covered": 100.0, "percent_branches_covered_display": "100.00"}, "missing_lines": [], "excluded_lines": [], "start_line": 162, "executed_branches": [], "missing_branches": []}, "_extract_return_type": {"executed_lines": [191, 194, 195, 197, 198, 200, 201, 203, 204, 206, 207, 209, 210, 212, 213, 215], "summary": {"covered_lines": 16, "num_statements": 16, "percent_covered": 96.66666666666667, "percent_covered_display": "96.67", "missing_lines": 0, "excluded_lines": 0, "percent_statements_covered": 100.0, "percent_statements_covered_display": "100.00", "num_branches": 14, "num_partial_branches": 1, "covered_branches": 13, "missing_branches": 1, "percent_branches_covered": 92.85714285714286, "percent_branches_covered_display": "92.86"}, "missing_lines": [], "excluded_lines": [], "start_line": 182, "executed_branches": [[194, 195], [194, 197], [197, 198], [197, 200], [200, 201], [200, 203], [203, 204], [203, 212], [206, 207], [206, 209], [209, 210], [212, 213], [212, 215]], "missing_branches": [[209, 212]]}, "": {"executed_lines": [3, 4, 5, 10, 11, 22, 23, 24, 25, 26, 27, 28, 29, 35, 52, 58, 67, 81, 104, 127, 146, 162, 182], "summary": {"covered_lines": 23, "num_statements": 23, "percent_covered": 100.0, "percent_covered_display": "100.00", "missing_lines": 0, "excluded_lines": 0, "percent_statements_covered": 100.0, "percent_statements_covered_display": "100.00", "num_branches": 0, "num_partial_branches": 0, "covered_branches": 0, "missing_branches": 0, "percent_branches_covered": 100.0, "percent_branches_covered_display": "100.00"}, "missing_lines": [], "excluded_lines": [], "start_line": 1, "executed_branches": [], "missing_branches": []}}, "classes": {"FunctionInfo": {"executed_lines": [], "summary": {"covered_lines": 0, "num_statements": 0, "percent_covered": 100.0, "percent_covered_display": "100.00", "missing_lines": 0, "excluded_lines": 0, "percent_statements_covered": 100.0, "percent_statements_covered_display": "100.00", "num_branches": 0, "num_partial_branches": 0, "covered_branches": 0, "missing_branches": 0, "percent_branches_covered": 100.0, "percent_branches_covered_display": "100.00"}, "missing_lines": [], "excluded_lines": [], "start_line": 11, "executed_branches": [], "missing_branches": []}, "": {"executed_lines": [3, 4, 5, 10, 11, 22, 23, 24, 25, 26, 27, 28, 29, 35, 52, 55, 58, 60, 62, 67, 81, 88, 89, 92, 95, 97, 104, 107, 108, 111, 112, 113, 116, 117, 118, 121, 127, 132, 134, 135, 136, 138, 141, 142, 143, 146, 153, 154, 156, 157, 159, 162, 169, 170, 182, 191, 194, 195, 197, 198, 200, 201, 203, 204, 206, 207, 209, 210, 212, 213, 215], "summary": {"covered_lines": 71, "num_statements": 78, "percent_covered": 87.5, "percent_covered_display": "87.50", "missing_lines": 7, "excluded_lines": 0, "percent_statements_covered": 91.02564102564102, "percent_statements_covered_display": "91.03", "num_branches": 34, "num_partial_branches": 1, "covered_branches": 27, "missing_branches": 7, "percent_branches_covered": 79.41176470588235, "percent_branches_covered_display": "79.41"}, "missing_lines": [69, 71, 73, 74, 76, 77, 78], "excluded_lines": [], "start_line": 1, "executed_branches": [[88, 89], [88, 95], [107, 108], [107, 111], [112, 113], [112, 116], [117, 118], [117, 121], [153, -146], [153, 154], [154, 156], [154, 157], [157, 153], [157, 159], [194, 195], [194, 197], [197, 198], [197, 200], [200, 201], [200, 203], [203, 204], [203, 212], [206, 207], [206, 209], [209, 210], [212, 213], [212, 215]], "missing_branches": [[71, 73], [71, 78], [73, 74], [73, 76], [76, 71], [76, 77], [209, 212]]}}}, "pseudosnake/dynamic_coverage.py": {"executed_lines": [31, 33, 34, 36, 42, 49, 50, 52, 58, 69, 70, 73, 74, 78, 79, 80, 85, 96, 97, 101, 102, 103, 104, 110, 145, 156, 219, 225, 228, 229, 232, 233, 236, 237, 238, 240, 243, 244, 245, 246, 247, 250, 251, 253, 261, 264, 265, 266, 268, 269, 271, 273, 276, 288, 289, 290, 292, 293, 294, 295, 299, 301, 303, 306], "summary": {"covered_lines": 64, "num_statements": 87, "percent_covered": 71.65354330708661, "percent_covered_display": "71.65", "missing_lines": 23, "excluded_lines": 0, "percent_statements_covered": 73.5632183908046, "percent_statements_covered_display": "73.56", "num_branches": 40, "num_partial_branches": 1, "covered_branches": 27, "missing_branches": 13, "percent_branches_covered": 67.5, "percent_branches_covered_display": "67.50"}, "missing_lines": [121, 122, 124, 125, 128, 129, 131, 132, 133, 136, 137, 138, 139, 297, 298, 315, 316, 317, 320, 322, 325, 326, 328], "excluded_lines": [], "executed_branches": [[49, 50], [49, 52], [69, 70], [69, 73], [78, 79], [78, 101], [228, 229], [228, 232], [232, 233], [232, 236], [236, 237], [236, 250], [238, 240], [238, 243], [244, 245], [244, 246], [246, 247], [246, 250], [250, 251], [250, 253], [264, 265], [264, 266], [292, 293], [292, 303], [295, 299], [299, 292], [299, 301]], "missing_branches": [[121, 122], [121, 124], [128, 129], [128, 136], [295, 297], [297, 292], [297, 298], [320, 322], [320, 328], [322, 320], [322, 325], [325, 320], [325, 326]], "functions": {"function_key": {"executed_lines": [49, 50, 52], "summary": {"covered_lines": 3, "num_statements": 3, "percent_covered": 100.0, "percent_covered_display": "100.00", "missing_lines": 0, "excluded_lines": 0, "percent_statements_covered": 100.0, "percent_statements_covered_display": "100.00", "num_branches": 2, "num_partial_branches": 0, "covered_branches": 2, "missing_branches": 0, "percent_branches_covered": 100.0, "percent_branches_covered_display": "100.00"}, "missing_lines": [], "excluded_lines": [], "start_line": 42, "executed_branches": [[49, 50], [49, 52]], "missing_branches": []}, "instrument_file_source": {"executed_lines": [69, 70, 73, 74, 78, 79, 80, 85, 96, 97, 101, 102, 103, 104], "summary": {"covered_lines": 14, "num_statements": 14, "percent_covered": 100.0, "percent_covered_display": "100.00", "missing_lines": 0, "excluded_lines": 0, "percent_statements_covered": 100.0, "percent_statements_covered_display": "100.00", "num_branches": 4, "num_partial_branches": 0, "covered_branches": 4, "missing_branches": 0, "percent_branches_covered": 100.0, "percent_branches_covered_display": "100.00"}, "missing_lines": [], "excluded_lines": [], "start_line": 58, "executed_branches": [[69, 70], [69, 73], [78, 79], [78, 101]], "missing_branches": []}, "instrument_test_file": {"executed_lines": [], "summary": {"covered_lines": 0, "num_statements": 13, "percent_covered": 0.0, "percent_covered_display": "0.00", "missing_lines": 13, "excluded_lines": 0, "percent_statements_covered": 0.0, "percent_statements_covered_display": "0.00", "num_branches": 4, "num_partial_branches": 0, "covered_branches": 0, "missing_branches": 4, "percent_branches_covered": 0.0, "percent_branches_covered_display": "0.00"}, "missing_lines": [121, 122, 124, 125, 128, 129, 131, 132, 133, 136, 137, 138, 139], "excluded_lines": [], "start_line": 110, "executed_branches": [], "missing_branches": [[121, 122], [121, 124], [128, 129], [128, 136]]}, "_build_header_block": {"executed_lines": [156], "summary": {"covered_lines": 1, "num_statements": 1, "percent_covered": 100.0, "percent_covered_display": "100.00", "missing_lines": 0, "excluded_lines": 0, "percent_statements_covered": 100.0, "percent_statements_covered_display": "100.00", "num_branches": 0, "num_partial_branches": 0, "covered_branches": 0, "missing_branches": 0, "percent_branches_covered": 100.0, "percent_branches_covered_display": "100.00"}, "missing_lines": [], "excluded_lines": [], "start_line": 145, "executed_branches": [], "missing_branches": []}, "_find_module_insert_index": {"executed_lines": [225, 228, 229, 232, 233, 236, 237, 238, 240, 243, 244, 245, 246, 247, 250, 251, 253], "summary": {"covered_lines": 17, "num_statements": 17, "percent_covered": 100.0, "percent_covered_display": "100.00", "missing_lines": 0, "excluded_lines": 0, "percent_statements_covered": 100.0, "percent_statements_covered_display": "100.00", "num_branches": 14, "num_partial_branches": 0, "covered_branches": 14, "missing_branches": 0, "percent_branches_covered": 100.0, "percent_branches_covered_display": "100.00"}, "missing_lines": [], "excluded_lines": [], "start_line": 219, "executed_branches": [[228, 229], [228, 232], [232, 233], [232, 236], [236, 237], [236, 250], [238, 240], [238, 243], [244, 245], [244, 246], [246, 247], [246, 250], [250, 251], [250, 253]], "missing_branches": []}, "load_dynamic_coverage_results": {"executed_lines": [264, 265, 266, 268, 269, 271, 273], "summary": {"covered_lines": 7, "num_statements": 7, "percent_covered": 100.0, "percent_covered_display": "100.00", "missing_lines": 0, "excluded_lines": 0, "percent_statements_covered": 100.0, "percent_statements_covered_display": "100.00", "num_branches": 2, "num_partial_branches": 0, "covered_branches": 2, "missing_branches": 0, "percent_branches_covered": 100.0, "percent_branches_covered_display": "100.00"}, "missing_lines": [], "excluded_lines": [], "start_line": 261, "executed_branches": [[264, 265], [264, 266]], "missing_branches": []}, "collect_executed_function_keys": {"executed_lines": [288, 289, 290, 292, 293, 294, 295, 299, 301, 303], "summary": {"covered_lines": 10, "num_statements": 12, "percent_covered": 75.0, "percent_covered_display": "75.00", "missing_lines": 2, "excluded_lines": 0, "percent_statements_covered": 83.33333333333333, "percent_statements_covered_display": "83.33", "num_branches": 8, "num_partial_branches": 1, "covered_branches": 5, "missing_branches": 3, "percent_branches_covered": 62.5, "percent_branches_covered_display": "62.50"}, "missing_lines": [297, 298], "excluded_lines": [], "start_line": 276, "executed_branches": [[292, 293], [292, 303], [295, 299], [299, 292], [299, 301]], "missing_branches": [[295, 297], [297, 292], [297, 298]]}, "collect_test_to_function_map": {"executed_lines": [], "summary": {"covered_lines": 0, "num_statements": 8, "percent_covered": 0.0, "percent_covered_display": "0.00", "missing_lines": 8, "excluded_lines": 0, "percent_statements_covered": 0.0, "percent_statements_covered_display": "0.00", "num_branches": 6, "num_partial_branches": 0, "covered_branches": 0, "missing_branches": 6, "percent_branches_covered": 0.0, "percent_branches_covered_display": "0.00"}, "missing_lines": [315, 316, 317, 320, 322, 325, 326, 328], "excluded_lines": [], "start_line": 306, "executed_branches": [], "missing_branches": [[320, 322], [320, 328], [322, 320], [322, 325], [325, 320], [325, 326]]}, "": {"executed_lines": [31, 33, 34, 36, 42, 58, 110, 145, 219, 261, 276, 306], "summary": {"covered_lines": 12, "num_statements": 12, "percent_covered": 100.0, "percent_covered_display": "100.00", "missing_lines": 0, "excluded_lines": 0, "percent_statements_covered": 100.0, "percent_statements_covered_display": "100.00", "num_branches": 0, "num_partial_branches": 0, "covered_branches": 0, "missing_branches": 0, "percent_branches_covered": 100.0, "percent_branches_covered_display": "100.00"}, "missing_lines": [], "excluded_lines": [], "start_line": 1, "executed_branches": [], "missing_branches": []}}, "classes": {"": {"executed_lines": [31, 33, 34, 36, 42, 49, 50, 52, 58, 69, 70, 73, 74, 78, 79, 80, 85, 96, 97, 101, 102, 103, 104, 110, 145, 156, 219, 225, 228, 229, 232, 233, 236, 237, 238, 240, 243, 244, 245, 246, 247, 250, 251, 253, 261, 264, 265, 266, 268, 269, 271, 273, 276, 288, 289, 290, 292, 293, 294, 295, 299, 301, 303, 306], "summary": {"covered_lines": 64, "num_statements": 87, "percent_covered": 71.65354330708661, "percent_covered_display": "71.65", "missing_lines": 23, "excluded_lines": 0, "percent_statements_covered": 73.5632183908046, "percent_statements_covered_display": "73.56", "num_branches": 40, "num_partial_branches": 1, "covered_branches": 27, "missing_branches": 13, "percent_branches_covered": 67.5, "percent_branches_covered_display": "67.50"}, "missing_lines": [121, 122, 124, 125, 128, 129, 131, 132, 133, 136, 137, 138, 139, 297, 298, 315, 316, 317, 320, 322, 325, 326, 328], "excluded_lines": [], "start_line": 1, "executed_branches": [[49, 50], [49, 52], [69, 70], [69, 73], [78, 79], [78, 101], [228, 229], [228, 232], [232, 233], [232, 236], [236, 237], [236, 250], [238, 240], [238, 243], [244, 245], [244, 246], [246, 247], [246, 250], [250, 251], [250, 253], [264, 265], [264, 266], [292, 293], [292, 303], [295, 299], [299, 292], [299, 301]], "missing_branches": [[121, 122], [121, 124], [128, 129], [128, 136], [295, 297], [297, 292], [297, 298], [320, 322], [320, 328], [322, 320], [322, 325], [325, 320], [325, 326]]}}}, "pseudosnake/helpers.py": {"executed_lines": [3, 4, 5, 6, 7, 8, 10, 11, 14, 16, 24, 25, 26, 29, 35, 38, 52], "summary": {"covered_lines": 17, "num_statements": 17, "percent_covered": 100.0, "percent_covered_display": "100.00", "missing_lines": 0, "excluded_lines": 0, "percent_statements_covered": 100.0, "percent_statements_covered_display": "100.00", "num_branches": 2, "num_partial_branches": 0, "covered_branches": 2, "missing_branches": 0, "percent_branches_covered": 100.0, "percent_branches_covered_display": "100.00"}, "missing_lines": [], "excluded_lines": [], "executed_branches": [[24, 25], [24, 26]], "missing_branches": [], "functions": {"build_uncovered_entry": {"executed_lines": [16, 24, 25, 26], "summary": {"covered_lines": 4, "num_statements": 4, "percent_covered": 100.0, "percent_covered_display": "100.00", "missing_lines": 0, "excluded_lines": 0, "percent_statements_covered": 100.0, "percent_statements_covered_display": "100.00", "num_branches": 2, "num_partial_branches": 0, "covered_branches": 2, "missing_branches": 0, "percent_branches_covered": 100.0, "percent_branches_covered_display": "100.00"}, "missing_lines": [], "excluded_lines": [], "start_line": 14, "executed_branches": [[24, 25], [24, 26]], "missing_branches": []}, "digest": {"executed_lines": [35], "summary": {"covered_lines": 1, "num_statements": 1, "percent_covered": 100.0, "percent_covered_display": "100.00", "missing_lines": 0, "excluded_lines": 0, "percent_statements_covered": 100.0, "percent_statements_covered_display": "100.00", "num_branches": 0, "num_partial_branches": 0, "covered_branches": 0, "missing_branches": 0, "percent_branches_covered": 100.0, "percent_branches_covered_display": "100.00"}, "missing_lines": [], "excluded_lines": [], "start_line": 29, "executed_branches": [], "missing_branches": []}, "build_metadata": {"executed_lines": [52], "summary": {"covered_lines": 1, "num_statements": 1, "percent_covered": 100.0, "percent_covered_display": "100.00", "missing_lines": 0, "excluded_lines": 0, "percent_statements_covered": 100.0, "percent_statements_covered_display": "100.00", "num_branches": 0, "num_partial_branches": 0, "covered_branches": 0, "missing_branches": 0, "percent_branches_covered": 100.0, "percent_branches_covered_display": "100.00"}, "missing_lines": [], "excluded_lines": [], "start_line": 38, "executed_branches": [], "missing_branches": []}, "": {"executed_lines": [3, 4, 5, 6, 7, 8, 10, 11, 14, 29, 38], "summary": {"covered_lines": 11, "num_statements": 11, "percent_covered": 100.0, "percent_covered_display": "100.00", "missing_lines": 0, "excluded_lines": 0, "percent_statements_covered": 100.0, "percent_statements_covered_display": "100.00", "num_branches": 0, "num_partial_branches": 0, "covered_branches": 0, "missing_branches": 0, "percent_branches_covered": 100.0, "percent_branches_covered_display": "100.00"}, "missing_lines": [], "excluded_lines": [], "start_line": 1, "executed_branches": [], "missing_branches": []}}, "classes": {"": {"executed_lines": [3, 4, 5, 6, 7, 8, 10, 11, 14, 16, 24, 25, 26, 29, 35, 38, 52], "summary": {"covered_lines": 17, "num_statements": 17, "percent_covered": 100.0, "percent_covered_display": "100.00", "missing_lines": 0, "excluded_lines": 0, "percent_statements_covered": 100.0, "percent_statements_covered_display": "100.00", "num_branches": 2, "num_partial_branches": 0, "covered_branches": 2, "missing_branches": 0, "percent_branches_covered": 100.0, "percent_branches_covered_display": "100.00"}, "missing_lines": [], "excluded_lines": [], "start_line": 1, "executed_branches": [[24, 25], [24, 26]], "missing_branches": []}}}, "pseudosnake/main.py": {"executed_lines": [24, 25, 26, 27, 29, 30, 31, 33, 34, 39, 45, 52, 53, 60, 69, 76, 81, 94, 98, 99, 102, 103, 104, 109, 110, 116, 122, 237, 291, 351, 412, 420, 423, 424, 430, 431], "summary": {"covered_lines": 36, "num_statements": 160, "percent_covered": 20.2020202020202, "percent_covered_display": "20.20", "missing_lines": 124, "excluded_lines": 0, "percent_statements_covered": 22.5, "percent_statements_covered_display": "22.50", "num_branches": 38, "num_partial_branches": 0, "covered_branches": 4, "missing_branches": 34, "percent_branches_covered": 10.526315789473685, "percent_branches_covered_display": "10.53"}, "missing_lines": [133, 135, 136, 139, 141, 143, 144, 146, 147, 148, 150, 151, 152, 154, 155, 156, 157, 160, 161, 163, 164, 165, 167, 168, 169, 171, 172, 173, 174, 176, 183, 190, 191, 192, 196, 199, 200, 201, 202, 205, 206, 208, 210, 213, 214, 215, 216, 219, 220, 225, 229, 230, 231, 253, 254, 255, 258, 259, 261, 262, 265, 269, 270, 271, 273, 285, 286, 288, 306, 308, 309, 311, 312, 314, 318, 328, 331, 342, 345, 346, 348, 368, 369, 371, 372, 374, 377, 378, 383, 386, 389, 390, 391, 394, 396, 404, 405, 477, 481, 485, 488, 493, 494, 498, 499, 505, 506, 507, 508, 510, 512, 513, 519, 521, 524, 526, 528, 537, 538, 541, 543, 557, 558, 559], "excluded_lines": [], "executed_branches": [[98, 99], [98, 102], [109, 110], [109, 116]], "missing_branches": [[144, 146], [144, 160], [147, 148], [147, 150], [161, 163], [161, 176], [164, 165], [164, 167], [190, 191], [190, 196], [200, 201], [200, 205], [206, 208], [206, 225], [215, 216], [215, 219], [219, 206], [219, 220], [254, 255], [254, 258], [262, 265], [262, 288], [269, 270], [269, 285], [270, 271], [270, 273], [312, 314], [312, 345], [507, 508], [507, 519], [524, 526], [524, 541], [537, 524], [537, 538]], "functions": {"_validate_baseline": {"executed_lines": [94, 98, 99, 102, 103, 104, 109, 110, 116], "summary": {"covered_lines": 9, "num_statements": 9, "percent_covered": 100.0, "percent_covered_display": "100.00", "missing_lines": 0, "excluded_lines": 0, "percent_statements_covered": 100.0, "percent_statements_covered_display": "100.00", "num_branches": 4, "num_partial_branches": 0, "covered_branches": 4, "missing_branches": 0, "percent_branches_covered": 100.0, "percent_branches_covered_display": "100.00"}, "missing_lines": [], "excluded_lines": [], "start_line": 81, "executed_branches": [[98, 99], [98, 102], [109, 110], [109, 116]], "missing_branches": []}, "_run_dynamic_coverage_phase": {"executed_lines": [], "summary": {"covered_lines": 0, "num_statements": 53, "percent_covered": 0.0, "percent_covered_display": "0.00", "missing_lines": 53, "excluded_lines": 0, "percent_statements_covered": 0.0, "percent_statements_covered_display": "0.00", "num_branches": 18, "num_partial_branches": 0, "covered_branches": 0, "missing_branches": 18, "percent_branches_covered": 0.0, "percent_branches_covered_display": "0.00"}, "missing_lines": [133, 135, 136, 139, 141, 143, 144, 146, 147, 148, 150, 151, 152, 154, 155, 156, 157, 160, 161, 163, 164, 165, 167, 168, 169, 171, 172, 173, 174, 176, 183, 190, 191, 192, 196, 199, 200, 201, 202, 205, 206, 208, 210, 213, 214, 215, 216, 219, 220, 225, 229, 230, 231], "excluded_lines": [], "start_line": 122, "executed_branches": [], "missing_branches": [[144, 146], [144, 160], [147, 148], [147, 150], [161, 163], [161, 176], [164, 165], [164, 167], [190, 191], [190, 196], [200, 201], [200, 205], [206, 208], [206, 225], [215, 216], [215, 219], [219, 206], [219, 220]]}, "_process_file": {"executed_lines": [], "summary": {"covered_lines": 0, "num_statements": 15, "percent_covered": 0.0, "percent_covered_display": "0.00", "missing_lines": 15, "excluded_lines": 0, "percent_statements_covered": 0.0, "percent_statements_covered_display": "0.00", "num_branches": 8, "num_partial_branches": 0, "covered_branches": 0, "missing_branches": 8, "percent_branches_covered": 0.0, "percent_branches_covered_display": "0.00"}, "missing_lines": [253, 254, 255, 258, 259, 261, 262, 265, 269, 270, 271, 273, 285, 286, 288], "excluded_lines": [], "start_line": 237, "executed_branches": [], "missing_branches": [[254, 255], [254, 258], [262, 265], [262, 288], [269, 270], [269, 285], [270, 271], [270, 273]]}, "_process_function": {"executed_lines": [], "summary": {"covered_lines": 0, "num_statements": 13, "percent_covered": 0.0, "percent_covered_display": "0.00", "missing_lines": 13, "excluded_lines": 0, "percent_statements_covered": 0.0, "percent_statements_covered_display": "0.00", "num_branches": 2, "num_partial_branches": 0, "covered_branches": 0, "missing_branches": 2, "percent_branches_covered": 0.0, "percent_branches_covered_display": "0.00"}, "missing_lines": [306, 308, 309, 311, 312, 314, 318, 328, 331, 342, 345, 346, 348], "excluded_lines": [], "start_line": 291, "executed_branches": [], "missing_branches": [[312, 314], [312, 345]]}, "_run_single_mutant": {"executed_lines": [], "summary": {"covered_lines": 0, "num_statements": 16, "percent_covered": 0.0, "percent_covered_display": "0.00", "missing_lines": 16, "excluded_lines": 0, "percent_statements_covered": 0.0, "percent_statements_covered_display": "0.00", "num_branches": 0, "num_partial_branches": 0, "covered_branches": 0, "missing_branches": 0, "percent_branches_covered": 100.0, "percent_branches_covered_display": "100.00"}, "missing_lines": [368, 369, 371, 372, 374, 377, 378, 383, 386, 389, 390, 391, 394, 396, 404, 405], "excluded_lines": [], "start_line": 351, "executed_branches": [], "missing_branches": []}, "_print_mutant_result": {"executed_lines": [423, 424], "summary": {"covered_lines": 2, "num_statements": 2, "percent_covered": 100.0, "percent_covered_display": "100.00", "missing_lines": 0, "excluded_lines": 0, "percent_statements_covered": 100.0, "percent_statements_covered_display": "100.00", "num_branches": 0, "num_partial_branches": 0, "covered_branches": 0, "missing_branches": 0, "percent_branches_covered": 100.0, "percent_branches_covered_display": "100.00"}, "missing_lines": [], "excluded_lines": [], "start_line": 420, "executed_branches": [], "missing_branches": []}, "analyze": {"executed_lines": [], "summary": {"covered_lines": 0, "num_statements": 27, "percent_covered": 0.0, "percent_covered_display": "0.00", "missing_lines": 27, "excluded_lines": 0, "percent_statements_covered": 0.0, "percent_statements_covered_display": "0.00", "num_branches": 6, "num_partial_branches": 0, "covered_branches": 0, "missing_branches": 6, "percent_branches_covered": 0.0, "percent_branches_covered_display": "0.00"}, "missing_lines": [477, 481, 485, 488, 493, 494, 498, 499, 505, 506, 507, 508, 510, 512, 513, 519, 521, 524, 526, 528, 537, 538, 541, 543, 557, 558, 559], "excluded_lines": [], "start_line": 431, "executed_branches": [], "missing_branches": [[507, 508], [507, 519], [524, 526], [524, 541], [537, 524], [537, 538]]}, "": {"executed_lines": [24, 25, 26, 27, 29, 30, 31, 33, 34, 39, 45, 52, 53, 60, 69, 76, 81, 122, 237, 291, 351, 412, 420, 430, 431], "summary": {"covered_lines": 25, "num_statements": 25, "percent_covered": 100.0, "percent_covered_display": "100.00", "missing_lines": 0, "excluded_lines": 0, "percent_statements_covered": 100.0, "percent_statements_covered_display": "100.00", "num_branches": 0, "num_partial_branches": 0, "covered_branches": 0, "missing_branches": 0, "percent_branches_covered": 100.0, "percent_branches_covered_display": "100.00"}, "missing_lines": [], "excluded_lines": [], "start_line": 1, "executed_branches": [], "missing_branches": []}}, "classes": {"": {"executed_lines": [24, 25, 26, 27, 29, 30, 31, 33, 34, 39, 45, 52, 53, 60, 69, 76, 81, 94, 98, 99, 102, 103, 104, 109, 110, 116, 122, 237, 291, 351, 412, 420, 423, 424, 430, 431], "summary": {"covered_lines": 36, "num_statements": 160, "percent_covered": 20.2020202020202, "percent_covered_display": "20.20", "missing_lines": 124, "excluded_lines": 0, "percent_statements_covered": 22.5, "percent_statements_covered_display": "22.50", "num_branches": 38, "num_partial_branches": 0, "covered_branches": 4, "missing_branches": 34, "percent_branches_covered": 10.526315789473685, "percent_branches_covered_display": "10.53"}, "missing_lines": [133, 135, 136, 139, 141, 143, 144, 146, 147, 148, 150, 151, 152, 154, 155, 156, 157, 160, 161, 163, 164, 165, 167, 168, 169, 171, 172, 173, 174, 176, 183, 190, 191, 192, 196, 199, 200, 201, 202, 205, 206, 208, 210, 213, 214, 215, 216, 219, 220, 225, 229, 230, 231, 253, 254, 255, 258, 259, 261, 262, 265, 269, 270, 271, 273, 285, 286, 288, 306, 308, 309, 311, 312, 314, 318, 328, 331, 342, 345, 346, 348, 368, 369, 371, 372, 374, 377, 378, 383, 386, 389, 390, 391, 394, 396, 404, 405, 477, 481, 485, 488, 493, 494, 498, 499, 505, 506, 507, 508, 510, 512, 513, 519, 521, 524, 526, 528, 537, 538, 541, 543, 557, 558, 559], "excluded_lines": [], "start_line": 1, "executed_branches": [[98, 99], [98, 102], [109, 110], [109, 116]], "missing_branches": [[144, 146], [144, 160], [147, 148], [147, 150], [161, 163], [161, 176], [164, 165], [164, 167], [190, 191], [190, 196], [200, 201], [200, 205], [206, 208], [206, 225], [215, 216], [215, 219], [219, 206], [219, 220], [254, 255], [254, 258], [262, 265], [262, 288], [269, 270], [269, 285], [270, 271], [270, 273], [312, 314], [312, 345], [507, 508], [507, 519], [524, 526], [524, 541], [537, 524], [537, 538]]}}}, "pseudosnake/mutate.py": {"executed_lines": [9, 16, 32, 38, 41, 53, 54, 57, 59, 62], "summary": {"covered_lines": 10, "num_statements": 10, "percent_covered": 100.0, "percent_covered_display": "100.00", "missing_lines": 0, "excluded_lines": 0, "percent_statements_covered": 100.0, "percent_statements_covered_display": "100.00", "num_branches": 0, "num_partial_branches": 0, "covered_branches": 0, "missing_branches": 0, "percent_branches_covered": 100.0, "percent_branches_covered_display": "100.00"}, "missing_lines": [], "excluded_lines": [], "executed_branches": [], "missing_branches": [], "functions": {"generate_mutants": {"executed_lines": [38], "summary": {"covered_lines": 1, "num_statements": 1, "percent_covered": 100.0, "percent_covered_display": "100.00", "missing_lines": 0, "excluded_lines": 0, "percent_statements_covered": 100.0, "percent_statements_covered_display": "100.00", "num_branches": 0, "num_partial_branches": 0, "covered_branches": 0, "missing_branches": 0, "percent_branches_covered": 100.0, "percent_branches_covered_display": "100.00"}, "missing_lines": [], "excluded_lines": [], "start_line": 32, "executed_branches": [], "missing_branches": []}, "apply_mutant": {"executed_lines": [53, 54, 57, 59, 62], "summary": {"covered_lines": 5, "num_statements": 5, "percent_covered": 100.0, "percent_covered_display": "100.00", "missing_lines": 0, "excluded_lines": 0, "percent_statements_covered": 100.0, "percent_statements_covered_display": "100.00", "num_branches": 0, "num_partial_branches": 0, "covered_branches": 0, "missing_branches": 0, "percent_branches_covered": 100.0, "percent_branches_covered_display": "100.00"}, "missing_lines": [], "excluded_lines": [], "start_line": 41, "executed_branches": [], "missing_branches": []}, "": {"executed_lines": [9, 16, 32, 41], "summary": {"covered_lines": 4, "num_statements": 4, "percent_covered": 100.0, "percent_covered_display": "100.00", "missing_lines": 0, "excluded_lines": 0, "percent_statements_covered": 100.0, "percent_statements_covered_display": "100.00", "num_branches": 0, "num_partial_branches": 0, "covered_branches": 0, "missing_branches": 0, "percent_branches_covered": 100.0, "percent_branches_covered_display": "100.00"}, "missing_lines": [], "excluded_lines": [], "start_line": 1, "executed_branches": [], "missing_branches": []}}, "classes": {"": {"executed_lines": [9, 16, 32, 38, 41, 53, 54, 57, 59, 62], "summary": {"covered_lines": 10, "num_statements": 10, "percent_covered": 100.0, "percent_covered_display": "100.00", "missing_lines": 0, "excluded_lines": 0, "percent_statements_covered": 100.0, "percent_statements_covered_display": "100.00", "num_branches": 0, "num_partial_branches": 0, "covered_branches": 0, "missing_branches": 0, "percent_branches_covered": 100.0, "percent_branches_covered_display": "100.00"}, "missing_lines": [], "excluded_lines": [], "start_line": 1, "executed_branches": [], "missing_branches": []}}}, "pseudosnake/report.py": {"executed_lines": [3, 4, 5, 6, 8, 9, 15, 25, 26, 29, 42, 43, 44, 45, 46, 47, 50, 56, 62, 70, 71, 72, 78, 85, 91, 96, 102, 105, 106, 108, 111], "summary": {"covered_lines": 31, "num_statements": 31, "percent_covered": 100.0, "percent_covered_display": "100.00", "missing_lines": 0, "excluded_lines": 0, "percent_statements_covered": 100.0, "percent_statements_covered_display": "100.00", "num_branches": 10, "num_partial_branches": 0, "covered_branches": 10, "missing_branches": 0, "percent_branches_covered": 100.0, "percent_branches_covered_display": "100.00"}, "missing_lines": [], "excluded_lines": [], "executed_branches": [[42, 43], [42, 44], [44, 45], [44, 46], [46, 47], [46, 50], [70, 71], [70, 72], [106, 108], [106, 111]], "missing_branches": [], "functions": {"build_mutant_entry": {"executed_lines": [25, 26, 29, 42, 43, 44, 45, 46, 47, 50], "summary": {"covered_lines": 10, "num_statements": 10, "percent_covered": 100.0, "percent_covered_display": "100.00", "missing_lines": 0, "excluded_lines": 0, "percent_statements_covered": 100.0, "percent_statements_covered_display": "100.00", "num_branches": 6, "num_partial_branches": 0, "covered_branches": 6, "missing_branches": 0, "percent_branches_covered": 100.0, "percent_branches_covered_display": "100.00"}, "missing_lines": [], "excluded_lines": [], "start_line": 15, "executed_branches": [[42, 43], [42, 44], [44, 45], [44, 46], [46, 47], [46, 50]], "missing_branches": []}, "build_function_entry": {"executed_lines": [62, 70, 71, 72], "summary": {"covered_lines": 4, "num_statements": 4, "percent_covered": 100.0, "percent_covered_display": "100.00", "missing_lines": 0, "excluded_lines": 0, "percent_statements_covered": 100.0, "percent_statements_covered_display": "100.00", "num_branches": 2, "num_partial_branches": 0, "covered_branches": 2, "missing_branches": 0, "percent_branches_covered": 100.0, "percent_branches_covered_display": "100.00"}, "missing_lines": [], "excluded_lines": [], "start_line": 56, "executed_branches": [[70, 71], [70, 72]], "missing_branches": []}, "build_file_entry": {"executed_lines": [85], "summary": {"covered_lines": 1, "num_statements": 1, "percent_covered": 100.0, "percent_covered_display": "100.00", "missing_lines": 0, "excluded_lines": 0, "percent_statements_covered": 100.0, "percent_statements_covered_display": "100.00", "num_branches": 0, "num_partial_branches": 0, "covered_branches": 0, "missing_branches": 0, "percent_branches_covered": 100.0, "percent_branches_covered_display": "100.00"}, "missing_lines": [], "excluded_lines": [], "start_line": 78, "executed_branches": [], "missing_branches": []}, "build_report": {"executed_lines": [96], "summary": {"covered_lines": 1, "num_statements": 1, "percent_covered": 100.0, "percent_covered_display": "100.00", "missing_lines": 0, "excluded_lines": 0, "percent_statements_covered": 100.0, "percent_statements_covered_display": "100.00", "num_branches": 0, "num_partial_branches": 0, "covered_branches": 0, "missing_branches": 0, "percent_branches_covered": 100.0, "percent_branches_covered_display": "100.00"}, "missing_lines": [], "excluded_lines": [], "start_line": 91, "executed_branches": [], "missing_branches": []}, "output_report": {"executed_lines": [105, 106, 108, 111], "summary": {"covered_lines": 4, "num_statements": 4, "percent_covered": 100.0, "percent_covered_display": "100.00", "missing_lines": 0, "excluded_lines": 0, "percent_statements_covered": 100.0, "percent_statements_covered_display": "100.00", "num_branches": 2, "num_partial_branches": 0, "covered_branches": 2, "missing_branches": 0, "percent_branches_covered": 100.0, "percent_branches_covered_display": "100.00"}, "missing_lines": [], "excluded_lines": [], "start_line": 102, "executed_branches": [[106, 108], [106, 111]], "missing_branches": []}, "": {"executed_lines": [3, 4, 5, 6, 8, 9, 15, 56, 78, 91, 102], "summary": {"covered_lines": 11, "num_statements": 11, "percent_covered": 100.0, "percent_covered_display": "100.00", "missing_lines": 0, "excluded_lines": 0, "percent_statements_covered": 100.0, "percent_statements_covered_display": "100.00", "num_branches": 0, "num_partial_branches": 0, "covered_branches": 0, "missing_branches": 0, "percent_branches_covered": 100.0, "percent_branches_covered_display": "100.00"}, "missing_lines": [], "excluded_lines": [], "start_line": 1, "executed_branches": [], "missing_branches": []}}, "classes": {"": {"executed_lines": [3, 4, 5, 6, 8, 9, 15, 25, 26, 29, 42, 43, 44, 45, 46, 47, 50, 56, 62, 70, 71, 72, 78, 85, 91, 96, 102, 105, 106, 108, 111], "summary": {"covered_lines": 31, "num_statements": 31, "percent_covered": 100.0, "percent_covered_display": "100.00", "missing_lines": 0, "excluded_lines": 0, "percent_statements_covered": 100.0, "percent_statements_covered_display": "100.00", "num_branches": 10, "num_partial_branches": 0, "covered_branches": 10, "missing_branches": 0, "percent_branches_covered": 100.0, "percent_branches_covered_display": "100.00"}, "missing_lines": [], "excluded_lines": [], "start_line": 1, "executed_branches": [[42, 43], [42, 44], [44, 45], [44, 46], [46, 47], [46, 50], [70, 71], [70, 72], [106, 108], [106, 111]], "missing_branches": []}}}, "pseudosnake/runner.py": {"executed_lines": [8, 9, 10, 11, 12, 18, 19, 22, 23, 24, 25, 28, 29, 35, 36, 42, 52, 53, 55, 63, 64, 70, 78, 80, 88, 95, 96, 98, 99, 100, 102, 103, 104, 113, 114, 120, 127, 128, 139, 155, 162, 163, 166, 169, 171, 177, 183, 196, 197, 198, 199, 200, 201, 202, 205, 215, 217, 218, 220, 223, 228, 229, 232, 233, 235, 236, 237, 238, 239], "summary": {"covered_lines": 69, "num_statements": 73, "percent_covered": 95.40229885057471, "percent_covered_display": "95.40", "missing_lines": 4, "excluded_lines": 0, "percent_statements_covered": 94.52054794520548, "percent_statements_covered_display": "94.52", "num_branches": 14, "num_partial_branches": 0, "covered_branches": 14, "missing_branches": 0, "percent_branches_covered": 100.0, "percent_branches_covered_display": "100.00"}, "missing_lines": [72, 121, 147, 152], "excluded_lines": [], "executed_branches": [[99, 100], [99, 104], [162, 163], [162, 169], [196, 197], [196, 198], [198, 199], [198, 200], [200, 201], [200, 202], [235, 236], [235, 237], [237, 238], [237, 239]], "missing_branches": [], "functions": {"run_tests": {"executed_lines": [52, 53, 55, 63, 64, 70, 78, 80], "summary": {"covered_lines": 8, "num_statements": 9, "percent_covered": 88.88888888888889, "percent_covered_display": "88.89", "missing_lines": 1, "excluded_lines": 0, "percent_statements_covered": 88.88888888888889, "percent_statements_covered_display": "88.89", "num_branches": 0, "num_partial_branches": 0, "covered_branches": 0, "missing_branches": 0, "percent_branches_covered": 100.0, "percent_branches_covered_display": "100.00"}, "missing_lines": [72], "excluded_lines": [], "start_line": 42, "executed_branches": [], "missing_branches": []}, "run_tests_with_env": {"executed_lines": [95, 96, 98, 99, 100, 102, 103, 104, 113, 114, 120, 127, 128], "summary": {"covered_lines": 13, "num_statements": 14, "percent_covered": 93.75, "percent_covered_display": "93.75", "missing_lines": 1, "excluded_lines": 0, "percent_statements_covered": 92.85714285714286, "percent_statements_covered_display": "92.86", "num_branches": 2, "num_partial_branches": 0, "covered_branches": 2, "missing_branches": 0, "percent_branches_covered": 100.0, "percent_branches_covered_display": "100.00"}, "missing_lines": [121], "excluded_lines": [], "start_line": 88, "executed_branches": [[99, 100], [99, 104]], "missing_branches": []}, "run_tests_repeated": {"executed_lines": [], "summary": {"covered_lines": 0, "num_statements": 2, "percent_covered": 0.0, "percent_covered_display": "0.00", "missing_lines": 2, "excluded_lines": 0, "percent_statements_covered": 0.0, "percent_statements_covered_display": "0.00", "num_branches": 0, "num_partial_branches": 0, "covered_branches": 0, "missing_branches": 0, "percent_branches_covered": 100.0, "percent_branches_covered_display": "100.00"}, "missing_lines": [147, 152], "excluded_lines": [], "start_line": 139, "executed_branches": [], "missing_branches": []}, "aggregate_run_results": {"executed_lines": [162, 163, 166, 169, 171, 177], "summary": {"covered_lines": 6, "num_statements": 6, "percent_covered": 100.0, "percent_covered_display": "100.00", "missing_lines": 0, "excluded_lines": 0, "percent_statements_covered": 100.0, "percent_statements_covered_display": "100.00", "num_branches": 2, "num_partial_branches": 0, "covered_branches": 2, "missing_branches": 0, "percent_branches_covered": 100.0, "percent_branches_covered_display": "100.00"}, "missing_lines": [], "excluded_lines": [], "start_line": 155, "executed_branches": [[162, 163], [162, 169]], "missing_branches": []}, "classify_result": {"executed_lines": [196, 197, 198, 199, 200, 201, 202], "summary": {"covered_lines": 7, "num_statements": 7, "percent_covered": 100.0, "percent_covered_display": "100.00", "missing_lines": 0, "excluded_lines": 0, "percent_statements_covered": 100.0, "percent_statements_covered_display": "100.00", "num_branches": 6, "num_partial_branches": 0, "covered_branches": 6, "missing_branches": 0, "percent_branches_covered": 100.0, "percent_branches_covered_display": "100.00"}, "missing_lines": [], "excluded_lines": [], "start_line": 183, "executed_branches": [[196, 197], [196, 198], [198, 199], [198, 200], [200, 201], [200, 202]], "missing_branches": []}, "extract_failed_tests": {"executed_lines": [215, 217, 218, 220], "summary": {"covered_lines": 4, "num_statements": 4, "percent_covered": 100.0, "percent_covered_display": "100.00", "missing_lines": 0, "excluded_lines": 0, "percent_statements_covered": 100.0, "percent_statements_covered_display": "100.00", "num_branches": 0, "num_partial_branches": 0, "covered_branches": 0, "missing_branches": 0, "percent_branches_covered": 100.0, "percent_branches_covered_display": "100.00"}, "missing_lines": [], "excluded_lines": [], "start_line": 205, "executed_branches": [], "missing_branches": []}, "extract_pytest_counts": {"executed_lines": [228, 229, 232, 233, 235, 236, 237, 238, 239], "summary": {"covered_lines": 9, "num_statements": 9, "percent_covered": 100.0, "percent_covered_display": "100.00", "missing_lines": 0, "excluded_lines": 0, "percent_statements_covered": 100.0, "percent_statements_covered_display": "100.00", "num_branches": 4, "num_partial_branches": 0, "covered_branches": 4, "missing_branches": 0, "percent_branches_covered": 100.0, "percent_branches_covered_display": "100.00"}, "missing_lines": [], "excluded_lines": [], "start_line": 223, "executed_branches": [[235, 236], [235, 237], [237, 238], [237, 239]], "missing_branches": []}, "": {"executed_lines": [8, 9, 10, 11, 12, 18, 19, 22, 23, 24, 25, 28, 29, 35, 36, 42, 88, 139, 155, 183, 205, 223], "summary": {"covered_lines": 22, "num_statements": 22, "percent_covered": 100.0, "percent_covered_display": "100.00", "missing_lines": 0, "excluded_lines": 0, "percent_statements_covered": 100.0, "percent_statements_covered_display": "100.00", "num_branches": 0, "num_partial_branches": 0, "covered_branches": 0, "missing_branches": 0, "percent_branches_covered": 100.0, "percent_branches_covered_display": "100.00"}, "missing_lines": [], "excluded_lines": [], "start_line": 1, "executed_branches": [], "missing_branches": []}}, "classes": {"RunResult": {"executed_lines": [], "summary": {"covered_lines": 0, "num_statements": 0, "percent_covered": 100.0, "percent_covered_display": "100.00", "missing_lines": 0, "excluded_lines": 0, "percent_statements_covered": 100.0, "percent_statements_covered_display": "100.00", "num_branches": 0, "num_partial_branches": 0, "covered_branches": 0, "missing_branches": 0, "percent_branches_covered": 100.0, "percent_branches_covered_display": "100.00"}, "missing_lines": [], "excluded_lines": [], "start_line": 19, "executed_branches": [], "missing_branches": []}, "AggregateRunResult": {"executed_lines": [], "summary": {"covered_lines": 0, "num_statements": 0, "percent_covered": 100.0, "percent_covered_display": "100.00", "missing_lines": 0, "excluded_lines": 0, "percent_statements_covered": 100.0, "percent_statements_covered_display": "100.00", "num_branches": 0, "num_partial_branches": 0, "covered_branches": 0, "missing_branches": 0, "percent_branches_covered": 100.0, "percent_branches_covered_display": "100.00"}, "missing_lines": [], "excluded_lines": [], "start_line": 29, "executed_branches": [], "missing_branches": []}, "": {"executed_lines": [8, 9, 10, 11, 12, 18, 19, 22, 23, 24, 25, 28, 29, 35, 36, 42, 52, 53, 55, 63, 64, 70, 78, 80, 88, 95, 96, 98, 99, 100, 102, 103, 104, 113, 114, 120, 127, 128, 139, 155, 162, 163, 166, 169, 171, 177, 183, 196, 197, 198, 199, 200, 201, 202, 205, 215, 217, 218, 220, 223, 228, 229, 232, 233, 235, 236, 237, 238, 239], "summary": {"covered_lines": 69, "num_statements": 73, "percent_covered": 95.40229885057471, "percent_covered_display": "95.40", "missing_lines": 4, "excluded_lines": 0, "percent_statements_covered": 94.52054794520548, "percent_statements_covered_display": "94.52", "num_branches": 14, "num_partial_branches": 0, "covered_branches": 14, "missing_branches": 0, "percent_branches_covered": 100.0, "percent_branches_covered_display": "100.00"}, "missing_lines": [72, 121, 147, 152], "excluded_lines": [], "start_line": 1, "executed_branches": [[99, 100], [99, 104], [162, 163], [162, 169], [196, 197], [196, 198], [198, 199], [198, 200], [200, 201], [200, 202], [235, 236], [235, 237], [237, 238], [237, 239]], "missing_branches": []}}}}, "totals": {"covered_lines": 316, "num_statements": 476, "percent_covered": 65.14657980456026, "percent_covered_display": "65.15", "missing_lines": 160, "excluded_lines": 0, "percent_statements_covered": 66.38655462184875, "percent_statements_covered_display": "66.39", "num_branches": 138, "num_partial_branches": 2, "covered_branches": 84, "missing_branches": 54, "percent_branches_covered": 60.869565217391305, "percent_branches_covered_display": "60.87"}}